2013-09-16 20:12:39,680 - [INFO] - from play in main 
Listening for HTTP on /0.0.0.0:9000

2013-09-16 20:12:44,172 - [INFO] - from play in play-internal-execution-context-1 
database [default] connected at jdbc:mysql://localhost/ambiente

2013-09-16 20:12:46,257 - [ERROR] - from application in New I/O worker #1 


! @6fj5ae5cc - Internal server error, for (GET) [/] ->

play.api.db.evolutions.InvalidDatabaseRevision: Database 'default' needs evolution![An SQL script need to be run on your database.]
	at play.api.db.evolutions.EvolutionsPlugin$$anonfun$onStart$1$$anonfun$apply$1.apply$mcV$sp(Evolutions.scala:462) ~[play-jdbc_2.10.jar:2.1.3]
	at play.api.db.evolutions.EvolutionsPlugin.withLock(Evolutions.scala:483) ~[play-jdbc_2.10.jar:2.1.3]
	at play.api.db.evolutions.EvolutionsPlugin$$anonfun$onStart$1.apply(Evolutions.scala:439) ~[play-jdbc_2.10.jar:2.1.3]
	at play.api.db.evolutions.EvolutionsPlugin$$anonfun$onStart$1.apply(Evolutions.scala:437) ~[play-jdbc_2.10.jar:2.1.3]
	at scala.collection.immutable.List.foreach(List.scala:309) ~[scala-library.jar:na]
	at play.api.db.evolutions.EvolutionsPlugin.onStart(Evolutions.scala:437) ~[play-jdbc_2.10.jar:2.1.3]
	at play.api.Play$$anonfun$start$1$$anonfun$apply$mcV$sp$1.apply(Play.scala:68) ~[play_2.10.jar:2.1.3]
	at play.api.Play$$anonfun$start$1$$anonfun$apply$mcV$sp$1.apply(Play.scala:68) ~[play_2.10.jar:2.1.3]
	at scala.collection.immutable.List.foreach(List.scala:309) ~[scala-library.jar:na]
	at play.api.Play$$anonfun$start$1.apply$mcV$sp(Play.scala:68) ~[play_2.10.jar:2.1.3]
	at play.api.Play$$anonfun$start$1.apply(Play.scala:68) ~[play_2.10.jar:2.1.3]
	at play.api.Play$$anonfun$start$1.apply(Play.scala:68) ~[play_2.10.jar:2.1.3]
	at play.utils.Threads$.withContextClassLoader(Threads.scala:18) ~[play_2.10.jar:2.1.3]
	at play.api.Play$.start(Play.scala:67) ~[play_2.10.jar:2.1.3]
	at play.core.ReloadableApplication$$anonfun$get$1$$anonfun$apply$1$$anonfun$1.apply(ApplicationProvider.scala:141) ~[play_2.10.jar:2.1.3]
	at play.core.ReloadableApplication$$anonfun$get$1$$anonfun$apply$1$$anonfun$1.apply(ApplicationProvider.scala:114) ~[play_2.10.jar:2.1.3]
	at scala.Option.map(Option.scala:145) ~[scala-library.jar:na]
	at play.core.ReloadableApplication$$anonfun$get$1$$anonfun$apply$1.apply(ApplicationProvider.scala:114) ~[play_2.10.jar:2.1.3]
	at play.core.ReloadableApplication$$anonfun$get$1$$anonfun$apply$1.apply(ApplicationProvider.scala:112) ~[play_2.10.jar:2.1.3]
	at scala.util.Either$RightProjection.flatMap(Either.scala:523) ~[scala-library.jar:na]
	at play.core.ReloadableApplication$$anonfun$get$1.apply(ApplicationProvider.scala:112) ~[play_2.10.jar:2.1.3]
	at play.core.ReloadableApplication$$anonfun$get$1.apply(ApplicationProvider.scala:104) ~[play_2.10.jar:2.1.3]
	at scala.concurrent.impl.Future$PromiseCompletingRunnable.liftedTree1$1(Future.scala:24) ~[scala-library.jar:na]
	at scala.concurrent.impl.Future$PromiseCompletingRunnable.run(Future.scala:24) ~[scala-library.jar:na]
	at java.util.concurrent.ThreadPoolExecutor$Worker.runTask(ThreadPoolExecutor.java:895) [na:1.6.0_45]
	at java.util.concurrent.ThreadPoolExecutor$Worker.run(ThreadPoolExecutor.java:918) [na:1.6.0_45]
	at java.lang.Thread.run(Thread.java:680) [na:1.6.0_45]

2013-09-16 20:12:53,021 - [INFO] - from play in play-internal-execution-context-3 
database [default] connected at jdbc:mysql://localhost/ambiente

2013-09-16 20:12:53,160 - [INFO] - from play in play-internal-execution-context-3 
Application started (Dev)

